build/app/intermediates/manifest_merge_blame_file/debug/manifest-merger-blame-debug-report.txt
1<?xml version="1.0" encoding="utf-8"?>
2<manifest xmlns:android="http://schemas.android.com/apk/res/android"
3    package="com.black.box.black_box"
4    android:versionCode="1"
5    android:versionName="1.0.0" >
6
7    <uses-sdk
8        android:minSdkVersion="21"
9        android:targetSdkVersion="35" />
10    <!--
11         The INTERNET permission is required for development. Specifically,
12         the Flutter tool needs it to communicate with the running application
13         to allow setting breakpoints, to provide hot reload, etc.
14    -->
15    <uses-permission android:name="android.permission.INTERNET" />
15-->src\main\AndroidManifest.xml:8:5-67
15-->src\main\AndroidManifest.xml:8:22-64
16
17    <uses-feature
17-->src\main\AndroidManifest.xml:3:5-5:36
18        android:name="android.hardware.camera"
18-->src\main\AndroidManifest.xml:4:9-47
19        android:required="false" />
19-->src\main\AndroidManifest.xml:5:9-33
20
21    <uses-permission android:name="android.permission.CAMERA" />
21-->src\main\AndroidManifest.xml:7:5-64
21-->src\main\AndroidManifest.xml:7:22-62
22    <uses-permission android:name="android.permission.ACCESS_NETWORK_STATE" />
22-->src\main\AndroidManifest.xml:9:5-79
22-->src\main\AndroidManifest.xml:9:22-76
23    <uses-permission
23-->src\main\AndroidManifest.xml:10:5-80
24        android:name="android.permission.READ_EXTERNAL_STORAGE"
24-->src\main\AndroidManifest.xml:10:22-77
25        android:maxSdkVersion="32" />
25-->[:photo_manager] AndroidManifest.xml:9:9-35
26    <uses-permission android:name="android.permission.READ_MEDIA_IMAGES" />
26-->src\main\AndroidManifest.xml:11:5-75
26-->src\main\AndroidManifest.xml:11:22-73
27    <uses-permission android:name="android.permission.READ_MEDIA_VIDEO" />
27-->src\main\AndroidManifest.xml:12:5-74
27-->src\main\AndroidManifest.xml:12:22-72
28    <uses-permission android:name="android.permission.ACCESS_FINE_LOCATION" />
28-->src\main\AndroidManifest.xml:13:5-78
28-->src\main\AndroidManifest.xml:13:22-76
29    <uses-permission android:name="android.permission.ACCESS_FINE_LOCATION" />
29-->src\main\AndroidManifest.xml:13:5-78
29-->src\main\AndroidManifest.xml:13:22-76
30    <uses-permission android:name="android.permission.ACCESS_COARSE_LOCATION" />
30-->src\main\AndroidManifest.xml:15:5-80
30-->src\main\AndroidManifest.xml:15:22-78
31    <!--
32 Required to query activities that can process text, see:
33         https://developer.android.com/training/package-visibility and
34         https://developer.android.com/reference/android/content/Intent#ACTION_PROCESS_TEXT.
35
36         In particular, this is used by the Flutter engine in io.flutter.plugin.text.ProcessTextPlugin.
37    -->
38    <queries>
38-->src\main\AndroidManifest.xml:57:5-62:15
39        <intent>
39-->src\main\AndroidManifest.xml:58:9-61:18
40            <action android:name="android.intent.action.PROCESS_TEXT" />
40-->src\main\AndroidManifest.xml:59:13-72
40-->src\main\AndroidManifest.xml:59:21-70
41
42            <data android:mimeType="text/plain" />
42-->src\main\AndroidManifest.xml:60:13-50
42-->src\main\AndroidManifest.xml:60:19-48
43        </intent>
44    </queries>
45
46    <permission
46-->[androidx.core:core:1.13.1] AndroidManifest.xml:22:5-24:47
47        android:name="com.black.box.black_box.DYNAMIC_RECEIVER_NOT_EXPORTED_PERMISSION"
47-->[androidx.core:core:1.13.1] AndroidManifest.xml:23:9-81
48        android:protectionLevel="signature" />
48-->[androidx.core:core:1.13.1] AndroidManifest.xml:24:9-44
49
50    <uses-permission android:name="com.black.box.black_box.DYNAMIC_RECEIVER_NOT_EXPORTED_PERMISSION" />
50-->[androidx.core:core:1.13.1] AndroidManifest.xml:26:5-97
50-->[androidx.core:core:1.13.1] AndroidManifest.xml:26:22-94
51
52    <application
53        android:name="android.app.Application"
54        android:appComponentFactory="androidx.core.app.CoreComponentFactory"
54-->[androidx.core:core:1.13.1] AndroidManifest.xml:28:18-86
55        android:debuggable="true"
56        android:extractNativeLibs="true"
57        android:icon="@mipmap/ic_launcher"
58        android:label="black_box"
59        android:usesCleartextTraffic="true" >
60        <activity
61            android:name="com.black.box.black_box.MainActivity"
62            android:configChanges="orientation|keyboardHidden|keyboard|screenSize|smallestScreenSize|locale|layoutDirection|fontScale|screenLayout|density|uiMode"
63            android:exported="true"
64            android:hardwareAccelerated="true"
65            android:launchMode="singleTop"
66            android:resizeableActivity="false"
67            android:taskAffinity=""
68            android:theme="@style/LaunchTheme"
69            android:windowSoftInputMode="adjustResize" >
70
71            <!--
72                 Specifies an Android theme to apply to this Activity as soon as
73                 the Android process has started. This theme is visible to the user
74                 while the Flutter UI initializes. After that, this theme continues
75                 to determine the Window background behind the Flutter UI.
76            -->
77            <meta-data
78                android:name="io.flutter.embedding.android.NormalTheme"
79                android:resource="@style/NormalTheme" />
80
81            <intent-filter>
82                <action android:name="android.intent.action.MAIN" />
83
84                <category android:name="android.intent.category.LAUNCHER" />
85            </intent-filter>
86        </activity>
87        <!--
88             Don't delete the meta-data below.
89             This is used by the Flutter tool to generate GeneratedPluginRegistrant.java
90        -->
91        <meta-data
92            android:name="flutterEmbedding"
93            android:value="2" />
94
95        <provider
95-->[:image_picker_android] AndroidManifest.xml:9:9-17:20
96            android:name="io.flutter.plugins.imagepicker.ImagePickerFileProvider"
96-->[:image_picker_android] AndroidManifest.xml:10:13-82
97            android:authorities="com.black.box.black_box.flutter.image_provider"
97-->[:image_picker_android] AndroidManifest.xml:11:13-74
98            android:exported="false"
98-->[:image_picker_android] AndroidManifest.xml:12:13-37
99            android:grantUriPermissions="true" >
99-->[:image_picker_android] AndroidManifest.xml:13:13-47
100            <meta-data
100-->[:image_picker_android] AndroidManifest.xml:14:13-16:75
101                android:name="android.support.FILE_PROVIDER_PATHS"
101-->[:image_picker_android] AndroidManifest.xml:15:17-67
102                android:resource="@xml/flutter_image_picker_file_paths" />
102-->[:image_picker_android] AndroidManifest.xml:16:17-72
103        </provider> <!-- Trigger Google Play services to install the backported photo picker module. -->
104        <service
104-->[:image_picker_android] AndroidManifest.xml:19:9-31:19
105            android:name="com.google.android.gms.metadata.ModuleDependencies"
105-->[:image_picker_android] AndroidManifest.xml:20:13-78
106            android:enabled="false"
106-->[:image_picker_android] AndroidManifest.xml:21:13-36
107            android:exported="false" >
107-->[:image_picker_android] AndroidManifest.xml:22:13-37
108            <intent-filter>
108-->[:image_picker_android] AndroidManifest.xml:24:13-26:29
109                <action android:name="com.google.android.gms.metadata.MODULE_DEPENDENCIES" />
109-->[:image_picker_android] AndroidManifest.xml:25:17-94
109-->[:image_picker_android] AndroidManifest.xml:25:25-91
110            </intent-filter>
111
112            <meta-data
112-->[:image_picker_android] AndroidManifest.xml:28:13-30:36
113                android:name="photopicker_activity:0:required"
113-->[:image_picker_android] AndroidManifest.xml:29:17-63
114                android:value="" />
114-->[:image_picker_android] AndroidManifest.xml:30:17-33
115        </service>
116        <service
116-->[:geolocator_android] AndroidManifest.xml:8:9-12:56
117            android:name="com.baseflow.geolocator.GeolocatorLocationService"
117-->[:geolocator_android] AndroidManifest.xml:9:13-77
118            android:enabled="true"
118-->[:geolocator_android] AndroidManifest.xml:10:13-35
119            android:exported="false"
119-->[:geolocator_android] AndroidManifest.xml:11:13-37
120            android:foregroundServiceType="location" />
120-->[:geolocator_android] AndroidManifest.xml:12:13-53
121
122        <activity
122-->[com.google.android.gms:play-services-base:18.3.0] AndroidManifest.xml:20:9-22:45
123            android:name="com.google.android.gms.common.api.GoogleApiActivity"
123-->[com.google.android.gms:play-services-base:18.3.0] AndroidManifest.xml:20:19-85
124            android:exported="false"
124-->[com.google.android.gms:play-services-base:18.3.0] AndroidManifest.xml:22:19-43
125            android:theme="@android:style/Theme.Translucent.NoTitleBar" />
125-->[com.google.android.gms:play-services-base:18.3.0] AndroidManifest.xml:21:19-78
126
127        <meta-data
127-->[com.google.android.gms:play-services-basement:18.3.0] AndroidManifest.xml:21:9-23:69
128            android:name="com.google.android.gms.version"
128-->[com.google.android.gms:play-services-basement:18.3.0] AndroidManifest.xml:22:13-58
129            android:value="@integer/google_play_services_version" />
129-->[com.google.android.gms:play-services-basement:18.3.0] AndroidManifest.xml:23:13-66
130
131        <uses-library
131-->[androidx.window:window:1.2.0] AndroidManifest.xml:23:9-25:40
132            android:name="androidx.window.extensions"
132-->[androidx.window:window:1.2.0] AndroidManifest.xml:24:13-54
133            android:required="false" />
133-->[androidx.window:window:1.2.0] AndroidManifest.xml:25:13-37
134        <uses-library
134-->[androidx.window:window:1.2.0] AndroidManifest.xml:26:9-28:40
135            android:name="androidx.window.sidecar"
135-->[androidx.window:window:1.2.0] AndroidManifest.xml:27:13-51
136            android:required="false" />
136-->[androidx.window:window:1.2.0] AndroidManifest.xml:28:13-37
137
138        <provider
138-->[androidx.lifecycle:lifecycle-process:2.7.0] AndroidManifest.xml:24:9-32:20
139            android:name="androidx.startup.InitializationProvider"
139-->[androidx.lifecycle:lifecycle-process:2.7.0] AndroidManifest.xml:25:13-67
140            android:authorities="com.black.box.black_box.androidx-startup"
140-->[androidx.lifecycle:lifecycle-process:2.7.0] AndroidManifest.xml:26:13-68
141            android:exported="false" >
141-->[androidx.lifecycle:lifecycle-process:2.7.0] AndroidManifest.xml:27:13-37
142            <meta-data
142-->[androidx.lifecycle:lifecycle-process:2.7.0] AndroidManifest.xml:29:13-31:52
143                android:name="androidx.lifecycle.ProcessLifecycleInitializer"
143-->[androidx.lifecycle:lifecycle-process:2.7.0] AndroidManifest.xml:30:17-78
144                android:value="androidx.startup" />
144-->[androidx.lifecycle:lifecycle-process:2.7.0] AndroidManifest.xml:31:17-49
145            <meta-data
145-->[androidx.profileinstaller:profileinstaller:1.4.0] AndroidManifest.xml:29:13-31:52
146                android:name="androidx.profileinstaller.ProfileInstallerInitializer"
146-->[androidx.profileinstaller:profileinstaller:1.4.0] AndroidManifest.xml:30:17-85
147                android:value="androidx.startup" />
147-->[androidx.profileinstaller:profileinstaller:1.4.0] AndroidManifest.xml:31:17-49
148        </provider>
149
150        <receiver
150-->[androidx.profileinstaller:profileinstaller:1.4.0] AndroidManifest.xml:34:9-52:20
151            android:name="androidx.profileinstaller.ProfileInstallReceiver"
151-->[androidx.profileinstaller:profileinstaller:1.4.0] AndroidManifest.xml:35:13-76
152            android:directBootAware="false"
152-->[androidx.profileinstaller:profileinstaller:1.4.0] AndroidManifest.xml:36:13-44
153            android:enabled="true"
153-->[androidx.profileinstaller:profileinstaller:1.4.0] AndroidManifest.xml:37:13-35
154            android:exported="true"
154-->[androidx.profileinstaller:profileinstaller:1.4.0] AndroidManifest.xml:38:13-36
155            android:permission="android.permission.DUMP" >
155-->[androidx.profileinstaller:profileinstaller:1.4.0] AndroidManifest.xml:39:13-57
156            <intent-filter>
156-->[androidx.profileinstaller:profileinstaller:1.4.0] AndroidManifest.xml:40:13-42:29
157                <action android:name="androidx.profileinstaller.action.INSTALL_PROFILE" />
157-->[androidx.profileinstaller:profileinstaller:1.4.0] AndroidManifest.xml:41:17-91
157-->[androidx.profileinstaller:profileinstaller:1.4.0] AndroidManifest.xml:41:25-88
158            </intent-filter>
159            <intent-filter>
159-->[androidx.profileinstaller:profileinstaller:1.4.0] AndroidManifest.xml:43:13-45:29
160                <action android:name="androidx.profileinstaller.action.SKIP_FILE" />
160-->[androidx.profileinstaller:profileinstaller:1.4.0] AndroidManifest.xml:44:17-85
160-->[androidx.profileinstaller:profileinstaller:1.4.0] AndroidManifest.xml:44:25-82
161            </intent-filter>
162            <intent-filter>
162-->[androidx.profileinstaller:profileinstaller:1.4.0] AndroidManifest.xml:46:13-48:29
163                <action android:name="androidx.profileinstaller.action.SAVE_PROFILE" />
163-->[androidx.profileinstaller:profileinstaller:1.4.0] AndroidManifest.xml:47:17-88
163-->[androidx.profileinstaller:profileinstaller:1.4.0] AndroidManifest.xml:47:25-85
164            </intent-filter>
165            <intent-filter>
165-->[androidx.profileinstaller:profileinstaller:1.4.0] AndroidManifest.xml:49:13-51:29
166                <action android:name="androidx.profileinstaller.action.BENCHMARK_OPERATION" />
166-->[androidx.profileinstaller:profileinstaller:1.4.0] AndroidManifest.xml:50:17-95
166-->[androidx.profileinstaller:profileinstaller:1.4.0] AndroidManifest.xml:50:25-92
167            </intent-filter>
168        </receiver>
169    </application>
170
171</manifest>